{"level":"ERROR","timestamp":"2025-10-07T14:06:40.196+0700","caller":"logger/logger.go:142","message":"Ignored key without a value.","ignored":"postgres"}
{"level":"INFO","timestamp":"2025-10-07T14:06:40.196+0700","caller":"config/database.go:36","message":"✅ Database connected! Host: %s Port: %d DB: %s","aws-1-ap-southeast-1.pooler.supabase.com":5432}
{"level":"ERROR","timestamp":"2025-10-07T14:07:02.595+0700","caller":"logger/logger.go:142","message":"Ignored key without a value.","ignored":"postgres"}
{"level":"INFO","timestamp":"2025-10-07T14:07:02.595+0700","caller":"config/database.go:36","message":"✅ Database connected! Host: %s Port: %d DB: %s","aws-1-ap-southeast-1.pooler.supabase.com":5432}
{"level":"ERROR","timestamp":"2025-10-07T14:07:14.222+0700","caller":"logger/logger.go:142","message":"Ignored key without a value.","ignored":"postgres"}
{"level":"INFO","timestamp":"2025-10-07T14:07:14.222+0700","caller":"config/database.go:36","message":"✅ Database connected! Host: %s Port: %d DB: %s","aws-1-ap-southeast-1.pooler.supabase.com":5432}
{"level":"ERROR","timestamp":"2025-10-07T14:07:51.612+0700","caller":"logger/logger.go:142","message":"Ignored key without a value.","ignored":"postgres"}
{"level":"INFO","timestamp":"2025-10-07T14:07:51.612+0700","caller":"config/database.go:36","message":"✅ Database connected! Host: %s Port: %d DB: %s","aws-1-ap-southeast-1.pooler.supabase.com":5432}
{"level":"ERROR","timestamp":"2025-10-07T14:08:17.703+0700","caller":"logger/logger.go:142","message":"Ignored key without a value.","ignored":"postgres"}
{"level":"INFO","timestamp":"2025-10-07T14:08:17.703+0700","caller":"config/database.go:36","message":"✅ Database connected! Host: %s Port: %d DB: %s","aws-1-ap-southeast-1.pooler.supabase.com":5432}
{"level":"ERROR","timestamp":"2025-10-07T14:09:50.862+0700","caller":"logger/logger.go:142","message":"Ignored key without a value.","ignored":"postgres"}
{"level":"INFO","timestamp":"2025-10-07T14:09:50.862+0700","caller":"config/database.go:36","message":"✅ Database connected! Host: %s Port: %d DB: %s","aws-1-ap-southeast-1.pooler.supabase.com":5432}
{"level":"ERROR","timestamp":"2025-10-07T14:16:34.120+0700","caller":"logger/logger.go:142","message":"Ignored key without a value.","ignored":"postgres"}
{"level":"INFO","timestamp":"2025-10-07T14:16:34.120+0700","caller":"config/database.go:36","message":"✅ Database connected! Host: %s Port: %d DB: %s","aws-1-ap-southeast-1.pooler.supabase.com":5432}
{"level":"ERROR","timestamp":"2025-10-07T14:18:55.328+0700","caller":"logger/logger.go:142","message":"Ignored key without a value.","ignored":"postgres"}
{"level":"INFO","timestamp":"2025-10-07T14:18:55.328+0700","caller":"config/database.go:36","message":"✅ Database connected! Host: %s Port: %d DB: %s","aws-1-ap-southeast-1.pooler.supabase.com":5432}
{"level":"ERROR","timestamp":"2025-10-07T14:19:25.668+0700","caller":"logger/logger.go:142","message":"Ignored key without a value.","ignored":"postgres"}
{"level":"INFO","timestamp":"2025-10-07T14:19:25.667+0700","caller":"config/database.go:36","message":"✅ Database connected! Host: %s Port: %d DB: %s","aws-1-ap-southeast-1.pooler.supabase.com":5432}
{"level":"ERROR","timestamp":"2025-10-07T14:19:36.645+0700","caller":"logger/logger.go:142","message":"Ignored key without a value.","ignored":"postgres"}
{"level":"INFO","timestamp":"2025-10-07T14:19:36.645+0700","caller":"config/database.go:36","message":"✅ Database connected! Host: %s Port: %d DB: %s","aws-1-ap-southeast-1.pooler.supabase.com":5432}
{"level":"ERROR","timestamp":"2025-10-07T14:20:05.941+0700","caller":"logger/logger.go:142","message":"Ignored key without a value.","ignored":"postgres"}
{"level":"INFO","timestamp":"2025-10-07T14:20:05.941+0700","caller":"config/database.go:36","message":"✅ Database connected! Host: %s Port: %d DB: %s","aws-1-ap-southeast-1.pooler.supabase.com":5432}
{"level":"ERROR","timestamp":"2025-10-07T14:20:12.330+0700","caller":"logger/logger.go:142","message":"Ignored key without a value.","ignored":"postgres"}
{"level":"INFO","timestamp":"2025-10-07T14:20:12.330+0700","caller":"config/database.go:36","message":"✅ Database connected! Host: %s Port: %d DB: %s","aws-1-ap-southeast-1.pooler.supabase.com":5432}
{"level":"ERROR","timestamp":"2025-10-07T14:20:38.835+0700","caller":"logger/logger.go:142","message":"Ignored key without a value.","ignored":"postgres"}
{"level":"INFO","timestamp":"2025-10-07T14:20:38.835+0700","caller":"config/database.go:36","message":"✅ Database connected! Host: %s Port: %d DB: %s","aws-1-ap-southeast-1.pooler.supabase.com":5432}
{"level":"ERROR","timestamp":"2025-10-07T14:20:58.345+0700","caller":"logger/logger.go:142","message":"Ignored key without a value.","ignored":"postgres"}
{"level":"INFO","timestamp":"2025-10-07T14:20:58.345+0700","caller":"config/database.go:36","message":"✅ Database connected! Host: %s Port: %d DB: %s","aws-1-ap-southeast-1.pooler.supabase.com":5432}
{"level":"ERROR","timestamp":"2025-10-07T14:22:47.721+0700","caller":"logger/logger.go:142","message":"Ignored key without a value.","ignored":"postgres"}
{"level":"INFO","timestamp":"2025-10-07T14:22:47.721+0700","caller":"config/database.go:36","message":"✅ Database connected! Host: %s Port: %d DB: %s","aws-1-ap-southeast-1.pooler.supabase.com":5432}
{"level":"ERROR","timestamp":"2025-10-07T14:23:28.988+0700","caller":"logger/logger.go:142","message":"Ignored key without a value.","ignored":"postgres"}
{"level":"INFO","timestamp":"2025-10-07T14:23:28.988+0700","caller":"config/database.go:36","message":"✅ Database connected! Host: %s Port: %d DB: %s","aws-1-ap-southeast-1.pooler.supabase.com":5432}
{"level":"ERROR","timestamp":"2025-10-07T14:23:36.019+0700","caller":"logger/logger.go:142","message":"Ignored key without a value.","ignored":"postgres"}
{"level":"INFO","timestamp":"2025-10-07T14:23:36.018+0700","caller":"config/database.go:36","message":"✅ Database connected! Host: %s Port: %d DB: %s","aws-1-ap-southeast-1.pooler.supabase.com":5432}
{"level":"ERROR","timestamp":"2025-10-07T14:24:07.167+0700","caller":"logger/logger.go:142","message":"Ignored key without a value.","ignored":"postgres"}
{"level":"INFO","timestamp":"2025-10-07T14:24:07.167+0700","caller":"config/database.go:36","message":"✅ Database connected! Host: %s Port: %d DB: %s","aws-1-ap-southeast-1.pooler.supabase.com":5432}
{"level":"ERROR","timestamp":"2025-10-07T14:26:05.667+0700","caller":"logger/logger.go:142","message":"Ignored key without a value.","ignored":"postgres"}
{"level":"INFO","timestamp":"2025-10-07T14:26:05.666+0700","caller":"config/database.go:36","message":"✅ Database connected! Host: %s Port: %d DB: %s","aws-1-ap-southeast-1.pooler.supabase.com":5432}
{"level":"ERROR","timestamp":"2025-10-07T14:26:11.852+0700","caller":"logger/logger.go:142","message":"Ignored key without a value.","ignored":"postgres"}
{"level":"INFO","timestamp":"2025-10-07T14:26:11.851+0700","caller":"config/database.go:36","message":"✅ Database connected! Host: %s Port: %d DB: %s","aws-1-ap-southeast-1.pooler.supabase.com":5432}
{"level":"ERROR","timestamp":"2025-10-07T14:27:10.772+0700","caller":"logger/logger.go:142","message":"Ignored key without a value.","ignored":"postgres"}
{"level":"INFO","timestamp":"2025-10-07T14:27:10.772+0700","caller":"config/database.go:36","message":"✅ Database connected! Host: %s Port: %d DB: %s","aws-1-ap-southeast-1.pooler.supabase.com":5432}
{"level":"ERROR","timestamp":"2025-10-07T14:27:27.172+0700","caller":"logger/logger.go:142","message":"Ignored key without a value.","ignored":"postgres"}
{"level":"INFO","timestamp":"2025-10-07T14:27:27.172+0700","caller":"config/database.go:36","message":"✅ Database connected! Host: %s Port: %d DB: %s","aws-1-ap-southeast-1.pooler.supabase.com":5432}
{"level":"ERROR","timestamp":"2025-10-07T14:27:45.647+0700","caller":"logger/logger.go:142","message":"Ignored key without a value.","ignored":"postgres"}
{"level":"INFO","timestamp":"2025-10-07T14:27:45.647+0700","caller":"config/database.go:36","message":"✅ Database connected! Host: %s Port: %d DB: %s","aws-1-ap-southeast-1.pooler.supabase.com":5432}
{"level":"ERROR","timestamp":"2025-10-07T14:28:04.369+0700","caller":"logger/logger.go:142","message":"Ignored key without a value.","ignored":"postgres"}
{"level":"INFO","timestamp":"2025-10-07T14:28:04.369+0700","caller":"config/database.go:36","message":"✅ Database connected! Host: %s Port: %d DB: %s","aws-1-ap-southeast-1.pooler.supabase.com":5432}
{"level":"ERROR","timestamp":"2025-10-07T14:28:58.557+0700","caller":"logger/logger.go:142","message":"Ignored key without a value.","ignored":"postgres"}
{"level":"INFO","timestamp":"2025-10-07T14:28:58.557+0700","caller":"config/database.go:36","message":"✅ Database connected! Host: %s Port: %d DB: %s","aws-1-ap-southeast-1.pooler.supabase.com":5432}
{"level":"ERROR","timestamp":"2025-10-07T14:31:02.367+0700","caller":"logger/logger.go:142","message":"Ignored key without a value.","ignored":"postgres"}
{"level":"INFO","timestamp":"2025-10-07T14:31:02.367+0700","caller":"config/database.go:36","message":"✅ Database connected! Host: %s Port: %d DB: %s","aws-1-ap-southeast-1.pooler.supabase.com":5432}
{"level":"ERROR","timestamp":"2025-10-07T14:31:09.941+0700","caller":"logger/logger.go:142","message":"Ignored key without a value.","ignored":"postgres"}
{"level":"INFO","timestamp":"2025-10-07T14:31:09.941+0700","caller":"config/database.go:36","message":"✅ Database connected! Host: %s Port: %d DB: %s","aws-1-ap-southeast-1.pooler.supabase.com":5432}
{"level":"ERROR","timestamp":"2025-10-07T14:31:28.859+0700","caller":"logger/logger.go:142","message":"Ignored key without a value.","ignored":"postgres"}
{"level":"INFO","timestamp":"2025-10-07T14:31:28.859+0700","caller":"config/database.go:36","message":"✅ Database connected! Host: %s Port: %d DB: %s","aws-1-ap-southeast-1.pooler.supabase.com":5432}
{"level":"ERROR","timestamp":"2025-10-07T14:31:38.016+0700","caller":"logger/logger.go:142","message":"Ignored key without a value.","ignored":"postgres"}
{"level":"INFO","timestamp":"2025-10-07T14:31:38.016+0700","caller":"config/database.go:36","message":"✅ Database connected! Host: %s Port: %d DB: %s","aws-1-ap-southeast-1.pooler.supabase.com":5432}
{"level":"ERROR","timestamp":"2025-10-07T14:31:45.047+0700","caller":"logger/logger.go:142","message":"Ignored key without a value.","ignored":"postgres"}
{"level":"INFO","timestamp":"2025-10-07T14:31:45.047+0700","caller":"config/database.go:36","message":"✅ Database connected! Host: %s Port: %d DB: %s","aws-1-ap-southeast-1.pooler.supabase.com":5432}
{"level":"ERROR","timestamp":"2025-10-07T14:36:44.032+0700","caller":"logger/logger.go:142","message":"Ignored key without a value.","ignored":"postgres"}
{"level":"INFO","timestamp":"2025-10-07T14:36:44.031+0700","caller":"config/database.go:36","message":"✅ Database connected! Host: %s Port: %d DB: %s","aws-1-ap-southeast-1.pooler.supabase.com":5432}
{"level":"ERROR","timestamp":"2025-10-07T14:37:49.156+0700","caller":"logger/logger.go:142","message":"Ignored key without a value.","ignored":"postgres"}
{"level":"INFO","timestamp":"2025-10-07T14:37:49.156+0700","caller":"config/database.go:36","message":"✅ Database connected! Host: %s Port: %d DB: %s","aws-1-ap-southeast-1.pooler.supabase.com":5432}
{"level":"ERROR","timestamp":"2025-10-07T14:38:27.934+0700","caller":"logger/logger.go:142","message":"Ignored key without a value.","ignored":"postgres"}
{"level":"INFO","timestamp":"2025-10-07T14:38:27.934+0700","caller":"config/database.go:36","message":"✅ Database connected! Host: %s Port: %d DB: %s","aws-1-ap-southeast-1.pooler.supabase.com":5432}
{"level":"ERROR","timestamp":"2025-10-07T14:38:56.628+0700","caller":"logger/logger.go:142","message":"Ignored key without a value.","ignored":"postgres"}
{"level":"INFO","timestamp":"2025-10-07T14:38:56.628+0700","caller":"config/database.go:36","message":"✅ Database connected! Host: %s Port: %d DB: %s","aws-1-ap-southeast-1.pooler.supabase.com":5432}
{"level":"ERROR","timestamp":"2025-10-07T14:39:35.203+0700","caller":"logger/logger.go:142","message":"Ignored key without a value.","ignored":"postgres"}
{"level":"INFO","timestamp":"2025-10-07T14:39:35.202+0700","caller":"config/database.go:36","message":"✅ Database connected! Host: %s Port: %d DB: %s","aws-1-ap-southeast-1.pooler.supabase.com":5432}
{"level":"ERROR","timestamp":"2025-10-07T14:39:44.352+0700","caller":"logger/logger.go:142","message":"Ignored key without a value.","ignored":"postgres"}
{"level":"INFO","timestamp":"2025-10-07T14:39:44.351+0700","caller":"config/database.go:36","message":"✅ Database connected! Host: %s Port: %d DB: %s","aws-1-ap-southeast-1.pooler.supabase.com":5432}
{"level":"ERROR","timestamp":"2025-10-07T14:40:08.648+0700","caller":"logger/logger.go:142","message":"Ignored key without a value.","ignored":"postgres"}
{"level":"INFO","timestamp":"2025-10-07T14:40:08.648+0700","caller":"config/database.go:36","message":"✅ Database connected! Host: %s Port: %d DB: %s","aws-1-ap-southeast-1.pooler.supabase.com":5432}
{"level":"ERROR","timestamp":"2025-10-07T14:40:12.591+0700","caller":"logger/logger.go:142","message":"Ignored key without a value.","ignored":"postgres"}
{"level":"INFO","timestamp":"2025-10-07T14:40:12.591+0700","caller":"config/database.go:36","message":"✅ Database connected! Host: %s Port: %d DB: %s","aws-1-ap-southeast-1.pooler.supabase.com":5432}
{"level":"FATAL","timestamp":"2025-10-08T16:58:57.160+0700","caller":"config/database.go:37","message":"failed to migrate database: %v","error":"failed to parse field: Todos, error: failed to parse field: Todo, error: unsupported data type: &[]"}
{"level":"FATAL","timestamp":"2025-10-08T16:59:36.981+0700","caller":"config/database.go:37","message":"failed to migrate database: %v","error":"failed to parse field: Todos, error: failed to parse field: Todo, error: unsupported data type: &[]"}
{"level":"FATAL","timestamp":"2025-10-08T17:02:56.380+0700","caller":"config/database.go:37","message":"failed to migrate database: %v","error":"failed to parse field: Todos, error: failed to parse field: Todo, error: unsupported data type: &[]"}
{"level":"FATAL","timestamp":"2025-10-08T17:03:18.185+0700","caller":"config/database.go:37","message":"failed to migrate database: %v","error":"failed to parse field: Todos, error: failed to parse field: Todo, error: unsupported data type: &[]"}
{"level":"FATAL","timestamp":"2025-10-08T17:03:24.230+0700","caller":"config/database.go:37","message":"failed to migrate database: %v","error":"failed to parse field: Todos, error: failed to parse field: Todo, error: unsupported data type: &[]"}
{"level":"FATAL","timestamp":"2025-10-08T17:05:12.645+0700","caller":"config/database.go:37","message":"failed to migrate database: %v","error":"failed to parse field: Todos, error: failed to parse field: Todo, error: unsupported data type: &[]"}
{"level":"FATAL","timestamp":"2025-10-08T17:06:11.520+0700","caller":"config/database.go:37","message":"failed to migrate database: %v","error":"failed to parse field: Todos, error: failed to parse field: Todo, error: unsupported data type: &[]"}
{"level":"FATAL","timestamp":"2025-10-08T17:10:01.696+0700","caller":"config/database.go:37","message":"failed to migrate database: %v","error":"ERROR: invalid input syntax for type uuid: \"uuid_generate_v4\" (SQLSTATE 22P02)"}
{"level":"FATAL","timestamp":"2025-10-08T17:11:17.382+0700","caller":"config/database.go:37","message":"failed to migrate database: %v","error":"ERROR: type \"string[]\" does not exist (SQLSTATE 42704)"}
{"level":"FATAL","timestamp":"2025-10-08T17:12:17.226+0700","caller":"config/database.go:37","message":"failed to migrate database: %v","error":"failed to parse field: Todos, error: failed to parse field: Todo, error: unsupported data type: &[]"}
{"level":"ERROR","timestamp":"2025-10-08T17:14:15.042+0700","caller":"logger/main.go:142","message":"Ignored key without a value.","ignored":"postgres"}
{"level":"INFO","timestamp":"2025-10-08T17:14:15.042+0700","caller":"config/database.go:40","message":"✅ Database connected! Host: %s Port: %d DB: %s","aws-1-ap-southeast-1.pooler.supabase.com":5432}
{"level":"ERROR","timestamp":"2025-10-08T17:21:13.945+0700","caller":"logger/main.go:142","message":"Ignored key without a value.","ignored":"postgres"}
{"level":"INFO","timestamp":"2025-10-08T17:21:13.945+0700","caller":"config/database.go:40","message":"✅ Database connected! Host: %s Port: %d DB: %s","aws-1-ap-southeast-1.pooler.supabase.com":5432}
{"level":"ERROR","timestamp":"2025-10-08T17:24:02.517+0700","caller":"logger/main.go:142","message":"Ignored key without a value.","ignored":"postgres"}
{"level":"INFO","timestamp":"2025-10-08T17:24:02.517+0700","caller":"config/database.go:40","message":"✅ Database connected! Host: %s Port: %d DB: %s","aws-1-ap-southeast-1.pooler.supabase.com":5432}
{"level":"ERROR","timestamp":"2025-10-08T17:25:26.717+0700","caller":"logger/main.go:142","message":"Ignored key without a value.","ignored":"postgres"}
{"level":"INFO","timestamp":"2025-10-08T17:25:26.717+0700","caller":"config/database.go:40","message":"✅ Database connected! Host: %s Port: %d DB: %s","aws-1-ap-southeast-1.pooler.supabase.com":5432}
{"level":"ERROR","timestamp":"2025-10-08T17:25:48.585+0700","caller":"logger/main.go:142","message":"Ignored key without a value.","ignored":"postgres"}
{"level":"INFO","timestamp":"2025-10-08T17:25:48.585+0700","caller":"config/database.go:40","message":"✅ Database connected! Host: %s Port: %d DB: %s","aws-1-ap-southeast-1.pooler.supabase.com":5432}
{"level":"ERROR","timestamp":"2025-10-08T17:30:16.402+0700","caller":"logger/main.go:142","message":"Ignored key without a value.","ignored":"postgres"}
{"level":"INFO","timestamp":"2025-10-08T17:30:16.402+0700","caller":"config/database.go:40","message":"✅ Database connected! Host: %s Port: %d DB: %s","aws-1-ap-southeast-1.pooler.supabase.com":5432}
{"level":"ERROR","timestamp":"2025-10-08T17:32:07.259+0700","caller":"logger/main.go:142","message":"Ignored key without a value.","ignored":"postgres"}
{"level":"INFO","timestamp":"2025-10-08T17:32:07.258+0700","caller":"config/database.go:40","message":"✅ Database connected! Host: %s Port: %d DB: %s","aws-1-ap-southeast-1.pooler.supabase.com":5432}
{"level":"ERROR","timestamp":"2025-10-08T17:32:20.581+0700","caller":"logger/main.go:142","message":"Ignored key without a value.","ignored":"postgres"}
{"level":"INFO","timestamp":"2025-10-08T17:32:20.581+0700","caller":"config/database.go:40","message":"✅ Database connected! Host: %s Port: %d DB: %s","aws-1-ap-southeast-1.pooler.supabase.com":5432}
{"level":"ERROR","timestamp":"2025-10-08T17:32:30.898+0700","caller":"logger/main.go:142","message":"Ignored key without a value.","ignored":"postgres"}
{"level":"INFO","timestamp":"2025-10-08T17:32:30.898+0700","caller":"config/database.go:40","message":"✅ Database connected! Host: %s Port: %d DB: %s","aws-1-ap-southeast-1.pooler.supabase.com":5432}
{"level":"ERROR","timestamp":"2025-10-08T17:35:39.189+0700","caller":"logger/main.go:142","message":"Ignored key without a value.","ignored":"postgres"}
{"level":"INFO","timestamp":"2025-10-08T17:35:39.188+0700","caller":"config/database.go:40","message":"✅ Database connected! Host: %s Port: %d DB: %s","aws-1-ap-southeast-1.pooler.supabase.com":5432}
{"level":"ERROR","timestamp":"2025-10-08T17:36:57.242+0700","caller":"logger/main.go:142","message":"Ignored key without a value.","ignored":"postgres"}
{"level":"INFO","timestamp":"2025-10-08T17:36:57.242+0700","caller":"config/database.go:40","message":"✅ Database connected! Host: %s Port: %d DB: %s","aws-1-ap-southeast-1.pooler.supabase.com":5432}
{"level":"INFO","timestamp":"2025-10-08T17:36:58.773+0700","caller":"handler/user_impl.go:32","message":"MASUK REGISTER"}
{"level":"ERROR","timestamp":"2025-10-08T17:37:51.806+0700","caller":"logger/main.go:142","message":"Ignored key without a value.","ignored":"postgres"}
{"level":"INFO","timestamp":"2025-10-08T17:37:51.806+0700","caller":"config/database.go:40","message":"✅ Database connected! Host: %s Port: %d DB: %s","aws-1-ap-southeast-1.pooler.supabase.com":5432}
{"level":"INFO","timestamp":"2025-10-08T17:37:54.509+0700","caller":"handler/user_impl.go:32","message":"MASUK REGISTER"}
{"level":"INFO","timestamp":"2025-10-08T17:37:54.509+0700","caller":"handler/user_impl.go:38","message":"SEBELUM MASUK USECASE"}
{"level":"ERROR","timestamp":"2025-10-08T17:39:02.471+0700","caller":"logger/main.go:142","message":"Ignored key without a value.","ignored":"postgres"}
{"level":"INFO","timestamp":"2025-10-08T17:39:02.471+0700","caller":"config/database.go:40","message":"✅ Database connected! Host: %s Port: %d DB: %s","aws-1-ap-southeast-1.pooler.supabase.com":5432}
{"level":"INFO","timestamp":"2025-10-08T17:39:04.895+0700","caller":"handler/user_impl.go:32","message":"MASUK REGISTER"}
{"level":"INFO","timestamp":"2025-10-08T17:39:04.895+0700","caller":"handler/user_impl.go:38","message":"SEBELUM MASUK USECASE"}
{"level":"ERROR","timestamp":"2025-10-08T17:39:42.371+0700","caller":"logger/main.go:142","message":"Ignored key without a value.","ignored":"postgres"}
{"level":"INFO","timestamp":"2025-10-08T17:39:42.371+0700","caller":"config/database.go:40","message":"✅ Database connected! Host: %s Port: %d DB: %s","aws-1-ap-southeast-1.pooler.supabase.com":5432}
{"level":"INFO","timestamp":"2025-10-08T17:39:46.013+0700","caller":"handler/user_impl.go:32","message":"MASUK REGISTER"}
{"level":"INFO","timestamp":"2025-10-08T17:39:46.013+0700","caller":"handler/user_impl.go:38","message":"SEBELUM MASUK USECASE"}
{"level":"ERROR","timestamp":"2025-10-08T17:40:37.349+0700","caller":"logger/main.go:142","message":"Ignored key without a value.","ignored":"postgres"}
{"level":"INFO","timestamp":"2025-10-08T17:40:37.349+0700","caller":"config/database.go:40","message":"✅ Database connected! Host: %s Port: %d DB: %s","aws-1-ap-southeast-1.pooler.supabase.com":5432}
{"level":"INFO","timestamp":"2025-10-08T17:40:39.121+0700","caller":"handler/user_impl.go:32","message":"MASUK REGISTER"}
{"level":"INFO","timestamp":"2025-10-08T17:40:39.122+0700","caller":"handler/user_impl.go:38","message":"SEBELUM MASUK USECASE"}
{"level":"ERROR","timestamp":"2025-10-08T17:41:20.486+0700","caller":"logger/main.go:142","message":"Ignored key without a value.","ignored":"postgres"}
{"level":"INFO","timestamp":"2025-10-08T17:41:20.486+0700","caller":"config/database.go:40","message":"✅ Database connected! Host: %s Port: %d DB: %s","aws-1-ap-southeast-1.pooler.supabase.com":5432}
{"level":"INFO","timestamp":"2025-10-08T17:41:23.961+0700","caller":"handler/user_impl.go:32","message":"MASUK REGISTER"}
{"level":"INFO","timestamp":"2025-10-08T17:41:23.962+0700","caller":"handler/user_impl.go:38","message":"SEBELUM MASUK USECASE"}
{"level":"ERROR","timestamp":"2025-10-08T17:41:57.340+0700","caller":"logger/main.go:142","message":"Ignored key without a value.","ignored":"postgres"}
{"level":"INFO","timestamp":"2025-10-08T17:41:57.340+0700","caller":"config/database.go:40","message":"✅ Database connected! Host: %s Port: %d DB: %s","aws-1-ap-southeast-1.pooler.supabase.com":5432}
{"level":"ERROR","timestamp":"2025-10-08T17:42:44.148+0700","caller":"logger/main.go:142","message":"Ignored key without a value.","ignored":"postgres"}
{"level":"INFO","timestamp":"2025-10-08T17:42:44.148+0700","caller":"config/database.go:40","message":"✅ Database connected! Host: %s Port: %d DB: %s","aws-1-ap-southeast-1.pooler.supabase.com":5432}
{"level":"INFO","timestamp":"2025-10-08T17:42:47.214+0700","caller":"handler/user_impl.go:32","message":"MASUK REGISTER"}
{"level":"INFO","timestamp":"2025-10-08T17:42:47.214+0700","caller":"handler/user_impl.go:38","message":"SEBELUM MASUK USECASE"}
{"level":"INFO","timestamp":"2025-10-08T17:42:47.214+0700","caller":"usecase/user_impl.go:32","message":"SEBELUM VALIDASI"}
{"level":"INFO","timestamp":"2025-10-08T17:42:57.913+0700","caller":"handler/user_impl.go:32","message":"MASUK REGISTER"}
{"level":"INFO","timestamp":"2025-10-08T17:42:57.913+0700","caller":"handler/user_impl.go:38","message":"SEBELUM MASUK USECASE"}
{"level":"INFO","timestamp":"2025-10-08T17:42:57.913+0700","caller":"usecase/user_impl.go:32","message":"SEBELUM VALIDASI"}
{"level":"ERROR","timestamp":"2025-10-08T17:43:37.016+0700","caller":"logger/main.go:142","message":"Ignored key without a value.","ignored":"postgres"}
{"level":"INFO","timestamp":"2025-10-08T17:43:37.016+0700","caller":"config/database.go:40","message":"✅ Database connected! Host: %s Port: %d DB: %s","aws-1-ap-southeast-1.pooler.supabase.com":5432}
{"level":"INFO","timestamp":"2025-10-08T17:43:40.172+0700","caller":"handler/user_impl.go:32","message":"MASUK REGISTER"}
{"level":"INFO","timestamp":"2025-10-08T17:43:40.172+0700","caller":"handler/user_impl.go:38","message":"SEBELUM MASUK USECASE"}
{"level":"ERROR","timestamp":"2025-10-08T17:50:08.899+0700","caller":"logger/main.go:142","message":"Ignored key without a value.","ignored":"postgres"}
{"level":"INFO","timestamp":"2025-10-08T17:50:08.899+0700","caller":"config/database.go:40","message":"✅ Database connected! Host: %s Port: %d DB: %s","aws-1-ap-southeast-1.pooler.supabase.com":5432}
{"level":"INFO","timestamp":"2025-10-08T17:50:10.865+0700","caller":"handler/user_impl.go:32","message":"MASUK REGISTER"}
{"level":"INFO","timestamp":"2025-10-08T17:50:10.865+0700","caller":"handler/user_impl.go:38","message":"SEBELUM MASUK USECASE"}
{"level":"INFO","timestamp":"2025-10-08T17:50:10.865+0700","caller":"usecase/user_impl.go:38","message":"MASUK VALIDATE"}
{"level":"ERROR","timestamp":"2025-10-08T17:51:04.295+0700","caller":"logger/main.go:142","message":"Ignored key without a value.","ignored":"postgres"}
{"level":"INFO","timestamp":"2025-10-08T17:51:04.295+0700","caller":"config/database.go:40","message":"✅ Database connected! Host: %s Port: %d DB: %s","aws-1-ap-southeast-1.pooler.supabase.com":5432}
{"level":"INFO","timestamp":"2025-10-08T17:51:09.573+0700","caller":"handler/user_impl.go:32","message":"MASUK REGISTER"}
{"level":"INFO","timestamp":"2025-10-08T17:51:09.574+0700","caller":"handler/user_impl.go:38","message":"SEBELUM MASUK USECASE"}
{"level":"INFO","timestamp":"2025-10-08T17:51:09.675+0700","caller":"usecase/user_impl.go:44","message":"BERES HASH"}
{"level":"ERROR","timestamp":"2025-10-08T17:51:43.280+0700","caller":"logger/main.go:142","message":"Ignored key without a value.","ignored":"postgres"}
{"level":"INFO","timestamp":"2025-10-08T17:51:43.280+0700","caller":"config/database.go:40","message":"✅ Database connected! Host: %s Port: %d DB: %s","aws-1-ap-southeast-1.pooler.supabase.com":5432}
{"level":"INFO","timestamp":"2025-10-08T17:52:00.852+0700","caller":"handler/user_impl.go:32","message":"MASUK REGISTER"}
{"level":"INFO","timestamp":"2025-10-08T17:52:00.853+0700","caller":"handler/user_impl.go:38","message":"SEBELUM MASUK USECASE"}
{"level":"INFO","timestamp":"2025-10-08T17:52:00.967+0700","caller":"usecase/user_impl.go:46","message":"SEBELUM MASUK REPO"}
{"level":"ERROR","timestamp":"2025-10-08T17:52:51.956+0700","caller":"logger/main.go:142","message":"Ignored key without a value.","ignored":"postgres"}
{"level":"INFO","timestamp":"2025-10-08T17:52:51.955+0700","caller":"config/database.go:40","message":"✅ Database connected! Host: %s Port: %d DB: %s","aws-1-ap-southeast-1.pooler.supabase.com":5432}
{"level":"INFO","timestamp":"2025-10-08T17:52:53.816+0700","caller":"handler/user_impl.go:32","message":"MASUK REGISTER"}
{"level":"INFO","timestamp":"2025-10-08T17:52:53.816+0700","caller":"handler/user_impl.go:38","message":"SEBELUM MASUK USECASE"}
{"level":"INFO","timestamp":"2025-10-08T17:52:53.917+0700","caller":"usecase/user_impl.go:46","message":"SEBELUM MASUK REPO"}
{"level":"ERROR","timestamp":"2025-10-08T17:54:09.127+0700","caller":"logger/main.go:142","message":"Ignored key without a value.","ignored":"postgres"}
{"level":"INFO","timestamp":"2025-10-08T17:54:09.127+0700","caller":"config/database.go:40","message":"✅ Database connected! Host: %s Port: %d DB: %s","aws-1-ap-southeast-1.pooler.supabase.com":5432}
{"level":"INFO","timestamp":"2025-10-08T17:54:12.150+0700","caller":"handler/user_impl.go:32","message":"MASUK REGISTER"}
{"level":"INFO","timestamp":"2025-10-08T17:54:12.150+0700","caller":"handler/user_impl.go:38","message":"SEBELUM MASUK USECASE"}
{"level":"INFO","timestamp":"2025-10-08T17:54:12.238+0700","caller":"usecase/user_impl.go:46","message":"SEBELUM MASUK REPO"}
{"level":"ERROR","timestamp":"2025-10-08T17:57:18.684+0700","caller":"logger/main.go:142","message":"Ignored key without a value.","ignored":"postgres"}
{"level":"INFO","timestamp":"2025-10-08T17:57:18.684+0700","caller":"config/database.go:40","message":"✅ Database connected! Host: %s Port: %d DB: %s","aws-1-ap-southeast-1.pooler.supabase.com":5432}
{"level":"ERROR","timestamp":"2025-10-08T17:57:28.066+0700","caller":"logger/main.go:142","message":"Ignored key without a value.","ignored":"postgres"}
{"level":"INFO","timestamp":"2025-10-08T17:57:28.065+0700","caller":"config/database.go:40","message":"✅ Database connected! Host: %s Port: %d DB: %s","aws-1-ap-southeast-1.pooler.supabase.com":5432}
{"level":"ERROR","timestamp":"2025-10-08T17:58:32.878+0700","caller":"logger/main.go:142","message":"Ignored key without a value.","ignored":"postgres"}
{"level":"INFO","timestamp":"2025-10-08T17:58:32.878+0700","caller":"config/database.go:40","message":"✅ Database connected! Host: %s Port: %d DB: %s","aws-1-ap-southeast-1.pooler.supabase.com":5432}
{"level":"INFO","timestamp":"2025-10-08T17:58:43.639+0700","caller":"handler/user_impl.go:32","message":"MASUK REGISTER"}
{"level":"INFO","timestamp":"2025-10-08T17:58:43.640+0700","caller":"handler/user_impl.go:38","message":"SEBELUM MASUK USECASE"}
{"level":"INFO","timestamp":"2025-10-08T17:58:43.763+0700","caller":"usecase/user_impl.go:52","message":"SEBELUM MASUK REPO"}
{"level":"INFO","timestamp":"2025-10-08T17:58:44.105+0700","caller":"usecase/user_impl.go:58","message":"SESUSAH MASUK REPO"}
{"level":"INFO","timestamp":"2025-10-08T17:58:44.105+0700","caller":"handler/user_impl.go:42","message":"SESUDAH MASUK USECASE"}
{"level":"ERROR","timestamp":"2025-10-08T19:38:44.541+0700","caller":"logger/main.go:142","message":"Ignored key without a value.","ignored":"postgres"}
{"level":"INFO","timestamp":"2025-10-08T19:38:44.540+0700","caller":"config/database.go:40","message":"✅ Database connected! Host: %s Port: %d DB: %s","aws-1-ap-southeast-1.pooler.supabase.com":5432}
{"level":"INFO","timestamp":"2025-10-08T19:38:48.583+0700","caller":"handler/user_impl.go:47","message":"MASUK LOGIN"}
{"level":"ERROR","timestamp":"2025-10-08T19:39:51.091+0700","caller":"logger/main.go:142","message":"Ignored key without a value.","ignored":"postgres"}
{"level":"INFO","timestamp":"2025-10-08T19:39:51.091+0700","caller":"config/database.go:40","message":"✅ Database connected! Host: %s Port: %d DB: %s","aws-1-ap-southeast-1.pooler.supabase.com":5432}
{"level":"ERROR","timestamp":"2025-10-08T19:39:56.409+0700","caller":"logger/main.go:142","message":"Ignored key without a value.","ignored":"postgres"}
{"level":"INFO","timestamp":"2025-10-08T19:39:56.409+0700","caller":"config/database.go:40","message":"✅ Database connected! Host: %s Port: %d DB: %s","aws-1-ap-southeast-1.pooler.supabase.com":5432}
{"level":"INFO","timestamp":"2025-10-08T19:39:57.939+0700","caller":"handler/user_impl.go:47","message":"MASUK LOGIN"}
{"level":"ERROR","timestamp":"2025-10-08T19:39:58.138+0700","caller":"handler/user_impl.go:58","message":"key is of invalid type: HMAC sign expects []byte"}
{"level":"ERROR","timestamp":"2025-10-08T19:41:07.551+0700","caller":"logger/main.go:142","message":"Ignored key without a value.","ignored":"postgres"}
{"level":"INFO","timestamp":"2025-10-08T19:41:07.551+0700","caller":"config/database.go:40","message":"✅ Database connected! Host: %s Port: %d DB: %s","aws-1-ap-southeast-1.pooler.supabase.com":5432}
{"level":"INFO","timestamp":"2025-10-08T19:41:15.669+0700","caller":"handler/user_impl.go:47","message":"MASUK LOGIN"}
{"level":"ERROR","timestamp":"2025-10-08T19:41:15.846+0700","caller":"handler/user_impl.go:58","message":"key is of invalid type: HMAC sign expects []byte"}
{"level":"ERROR","timestamp":"2025-10-08T19:41:35.269+0700","caller":"logger/main.go:142","message":"Ignored key without a value.","ignored":"postgres"}
{"level":"INFO","timestamp":"2025-10-08T19:41:35.269+0700","caller":"config/database.go:40","message":"✅ Database connected! Host: %s Port: %d DB: %s","aws-1-ap-southeast-1.pooler.supabase.com":5432}
{"level":"ERROR","timestamp":"2025-10-08T19:41:54.208+0700","caller":"handler/user_impl.go:57","message":"key is of invalid type: HMAC sign expects []byte"}
{"level":"ERROR","timestamp":"2025-10-08T19:43:32.552+0700","caller":"logger/main.go:142","message":"Ignored key without a value.","ignored":"postgres"}
{"level":"INFO","timestamp":"2025-10-08T19:43:32.551+0700","caller":"config/database.go:40","message":"✅ Database connected! Host: %s Port: %d DB: %s","aws-1-ap-southeast-1.pooler.supabase.com":5432}
{"level":"ERROR","timestamp":"2025-10-08T19:45:08.965+0700","caller":"logger/main.go:142","message":"Ignored key without a value.","ignored":"postgres"}
{"level":"INFO","timestamp":"2025-10-08T19:45:08.965+0700","caller":"config/database.go:40","message":"✅ Database connected! Host: %s Port: %d DB: %s","aws-1-ap-southeast-1.pooler.supabase.com":5432}
{"level":"ERROR","timestamp":"2025-10-08T19:46:59.458+0700","caller":"logger/main.go:142","message":"Ignored key without a value.","ignored":"postgres"}
{"level":"INFO","timestamp":"2025-10-08T19:46:59.458+0700","caller":"config/database.go:40","message":"✅ Database connected! Host: %s Port: %d DB: %s","aws-1-ap-southeast-1.pooler.supabase.com":5432}
{"level":"ERROR","timestamp":"2025-10-08T19:48:03.600+0700","caller":"logger/main.go:142","message":"Ignored key without a value.","ignored":"postgres"}
{"level":"INFO","timestamp":"2025-10-08T19:48:03.600+0700","caller":"config/database.go:40","message":"✅ Database connected! Host: %s Port: %d DB: %s","aws-1-ap-southeast-1.pooler.supabase.com":5432}
{"level":"ERROR","timestamp":"2025-10-08T19:50:53.970+0700","caller":"logger/main.go:142","message":"Ignored key without a value.","ignored":"postgres"}
{"level":"INFO","timestamp":"2025-10-08T19:50:53.970+0700","caller":"config/database.go:40","message":"✅ Database connected! Host: %s Port: %d DB: %s","aws-1-ap-southeast-1.pooler.supabase.com":5432}
{"level":"ERROR","timestamp":"2025-10-08T19:50:57.484+0700","caller":"handler/user_impl.go:57","message":"key is of invalid type: HMAC sign expects []byte"}
{"level":"ERROR","timestamp":"2025-10-08T19:51:51.771+0700","caller":"logger/main.go:142","message":"Ignored key without a value.","ignored":"postgres"}
{"level":"INFO","timestamp":"2025-10-08T19:51:51.771+0700","caller":"config/database.go:40","message":"✅ Database connected! Host: %s Port: %d DB: %s","aws-1-ap-southeast-1.pooler.supabase.com":5432}
{"level":"ERROR","timestamp":"2025-10-08T19:51:55.335+0700","caller":"handler/user_impl.go:57","message":"key is of invalid type: HMAC sign expects []byte"}
{"level":"ERROR","timestamp":"2025-10-08T19:55:14.785+0700","caller":"logger/main.go:142","message":"Ignored key without a value.","ignored":"postgres"}
{"level":"INFO","timestamp":"2025-10-08T19:55:14.784+0700","caller":"config/database.go:40","message":"✅ Database connected! Host: %s Port: %d DB: %s","aws-1-ap-southeast-1.pooler.supabase.com":5432}
{"level":"ERROR","timestamp":"2025-10-08T19:58:26.526+0700","caller":"logger/main.go:142","message":"Ignored key without a value.","ignored":"postgres"}
{"level":"INFO","timestamp":"2025-10-08T19:58:26.526+0700","caller":"config/database.go:40","message":"✅ Database connected! Host: %s Port: %d DB: %s","aws-1-ap-southeast-1.pooler.supabase.com":5432}
{"level":"ERROR","timestamp":"2025-10-08T20:05:02.411+0700","caller":"logger/main.go:142","message":"Ignored key without a value.","ignored":"postgres"}
{"level":"INFO","timestamp":"2025-10-08T20:05:02.411+0700","caller":"config/database.go:40","message":"✅ Database connected! Host: %s Port: %d DB: %s","aws-1-ap-southeast-1.pooler.supabase.com":5432}
{"level":"ERROR","timestamp":"2025-10-08T20:06:11.427+0700","caller":"logger/main.go:142","message":"Ignored key without a value.","ignored":"postgres"}
{"level":"INFO","timestamp":"2025-10-08T20:06:11.427+0700","caller":"config/database.go:40","message":"✅ Database connected! Host: %s Port: %d DB: %s","aws-1-ap-southeast-1.pooler.supabase.com":5432}
{"level":"ERROR","timestamp":"2025-10-08T20:06:30.911+0700","caller":"logger/main.go:142","message":"Ignored key without a value.","ignored":{"email":"janedoe@mail.com","id":"0af728ef-dee9-470e-9183-5f5cfca0d385","name":"jane doe"}}
{"level":"INFO","timestamp":"2025-10-08T20:06:30.911+0700","caller":"handler/todo_impl.go:40","message":"User: %v"}
{"level":"ERROR","timestamp":"2025-10-08T20:06:30.911+0700","caller":"handler/todo_impl.go:46","message":"Field: todo, Value: [], Message: This field is required.; Field: check, Value: [], Message: This field is required."}
{"level":"ERROR","timestamp":"2025-10-08T20:07:12.278+0700","caller":"logger/main.go:142","message":"Ignored key without a value.","ignored":"postgres"}
{"level":"INFO","timestamp":"2025-10-08T20:07:12.278+0700","caller":"config/database.go:40","message":"✅ Database connected! Host: %s Port: %d DB: %s","aws-1-ap-southeast-1.pooler.supabase.com":5432}
{"level":"ERROR","timestamp":"2025-10-08T20:07:25.825+0700","caller":"handler/todo_impl.go:47","message":"Field: todo, Value: [], Message: This field is required.; Field: check, Value: [], Message: This field is required."}
{"level":"ERROR","timestamp":"2025-10-08T20:08:46.215+0700","caller":"logger/main.go:142","message":"Ignored key without a value.","ignored":"postgres"}
{"level":"INFO","timestamp":"2025-10-08T20:08:46.215+0700","caller":"config/database.go:40","message":"✅ Database connected! Host: %s Port: %d DB: %s","aws-1-ap-southeast-1.pooler.supabase.com":5432}
{"level":"ERROR","timestamp":"2025-10-08T20:08:56.047+0700","caller":"logger/main.go:142","message":"Ignored key without a value.","ignored":"postgres"}
{"level":"INFO","timestamp":"2025-10-08T20:08:56.047+0700","caller":"config/database.go:40","message":"✅ Database connected! Host: %s Port: %d DB: %s","aws-1-ap-southeast-1.pooler.supabase.com":5432}
{"level":"ERROR","timestamp":"2025-10-08T20:13:07.965+0700","caller":"logger/main.go:142","message":"Ignored key without a value.","ignored":"postgres"}
{"level":"INFO","timestamp":"2025-10-08T20:13:07.965+0700","caller":"config/database.go:40","message":"✅ Database connected! Host: %s Port: %d DB: %s","aws-1-ap-southeast-1.pooler.supabase.com":5432}
{"level":"ERROR","timestamp":"2025-10-08T20:13:28.663+0700","caller":"handler/todo_impl.go:47","message":"Field: todo, Value: [], Message: This field is required.; Field: check, Value: [], Message: This field is required."}
{"level":"ERROR","timestamp":"2025-10-08T20:15:53.114+0700","caller":"logger/main.go:142","message":"Ignored key without a value.","ignored":"postgres"}
{"level":"INFO","timestamp":"2025-10-08T20:15:53.114+0700","caller":"config/database.go:40","message":"✅ Database connected! Host: %s Port: %d DB: %s","aws-1-ap-southeast-1.pooler.supabase.com":5432}
{"level":"ERROR","timestamp":"2025-10-08T20:16:39.801+0700","caller":"logger/main.go:142","message":"Ignored key without a value.","ignored":"postgres"}
{"level":"INFO","timestamp":"2025-10-08T20:16:39.801+0700","caller":"config/database.go:40","message":"✅ Database connected! Host: %s Port: %d DB: %s","aws-1-ap-southeast-1.pooler.supabase.com":5432}
{"level":"ERROR","timestamp":"2025-10-08T20:16:44.317+0700","caller":"handler/todo_impl.go:47","message":"Field: todo, Value: [], Message: This field is required.; Field: check, Value: [], Message: This field is required."}
{"level":"ERROR","timestamp":"2025-10-08T20:16:58.248+0700","caller":"logger/main.go:142","message":"Ignored key without a value.","ignored":"postgres"}
{"level":"INFO","timestamp":"2025-10-08T20:16:58.248+0700","caller":"config/database.go:40","message":"✅ Database connected! Host: %s Port: %d DB: %s","aws-1-ap-southeast-1.pooler.supabase.com":5432}
{"level":"ERROR","timestamp":"2025-10-08T20:17:03.710+0700","caller":"handler/todo_impl.go:47","message":"Field: todo, Value: [], Message: This field is required.; Field: check, Value: [], Message: This field is required."}
{"level":"ERROR","timestamp":"2025-10-08T20:20:09.359+0700","caller":"logger/main.go:142","message":"Ignored key without a value.","ignored":"postgres"}
{"level":"INFO","timestamp":"2025-10-08T20:20:09.358+0700","caller":"config/database.go:40","message":"✅ Database connected! Host: %s Port: %d DB: %s","aws-1-ap-southeast-1.pooler.supabase.com":5432}
{"level":"ERROR","timestamp":"2025-10-08T20:20:13.327+0700","caller":"logger/main.go:142","message":"Ignored key without a value.","ignored":"postgres"}
{"level":"INFO","timestamp":"2025-10-08T20:20:13.327+0700","caller":"config/database.go:40","message":"✅ Database connected! Host: %s Port: %d DB: %s","aws-1-ap-southeast-1.pooler.supabase.com":5432}
{"level":"ERROR","timestamp":"2025-10-08T20:21:55.711+0700","caller":"logger/main.go:142","message":"Ignored key without a value.","ignored":"postgres"}
{"level":"INFO","timestamp":"2025-10-08T20:21:55.711+0700","caller":"config/database.go:40","message":"✅ Database connected! Host: %s Port: %d DB: %s","aws-1-ap-southeast-1.pooler.supabase.com":5432}
{"level":"ERROR","timestamp":"2025-10-08T20:22:07.313+0700","caller":"logger/main.go:142","message":"Ignored key without a value.","ignored":"postgres"}
{"level":"INFO","timestamp":"2025-10-08T20:22:07.312+0700","caller":"config/database.go:40","message":"✅ Database connected! Host: %s Port: %d DB: %s","aws-1-ap-southeast-1.pooler.supabase.com":5432}
{"level":"ERROR","timestamp":"2025-10-08T20:24:57.589+0700","caller":"logger/main.go:142","message":"Ignored key without a value.","ignored":"postgres"}
{"level":"INFO","timestamp":"2025-10-08T20:24:57.589+0700","caller":"config/database.go:40","message":"✅ Database connected! Host: %s Port: %d DB: %s","aws-1-ap-southeast-1.pooler.supabase.com":5432}
{"level":"ERROR","timestamp":"2025-10-08T20:25:00.112+0700","caller":"handler/todo_impl.go:61","message":"Field: todo, Value: [], Message: This field is required.; Field: check, Value: [], Message: This field is required."}
{"level":"ERROR","timestamp":"2025-10-09T09:49:35.866+0700","caller":"logger/main.go:142","message":"Ignored key without a value.","ignored":"postgres"}
{"level":"INFO","timestamp":"2025-10-09T09:49:35.866+0700","caller":"config/database.go:40","message":"✅ Database connected! Host: %s Port: %d DB: %s","aws-1-ap-southeast-1.pooler.supabase.com":5432}
{"level":"ERROR","timestamp":"2025-10-09T09:54:06.424+0700","caller":"logger/main.go:142","message":"Ignored key without a value.","ignored":"postgres"}
{"level":"INFO","timestamp":"2025-10-09T09:54:06.424+0700","caller":"config/database.go:40","message":"✅ Database connected! Host: %s Port: %d DB: %s","aws-1-ap-southeast-1.pooler.supabase.com":5432}
{"level":"ERROR","timestamp":"2025-10-09T09:54:51.653+0700","caller":"logger/main.go:142","message":"Ignored key without a value.","ignored":"postgres"}
{"level":"INFO","timestamp":"2025-10-09T09:54:51.653+0700","caller":"config/database.go:40","message":"✅ Database connected! Host: %s Port: %d DB: %s","aws-1-ap-southeast-1.pooler.supabase.com":5432}
{"level":"ERROR","timestamp":"2025-10-09T09:57:58.393+0700","caller":"logger/main.go:142","message":"Ignored key without a value.","ignored":"postgres"}
{"level":"INFO","timestamp":"2025-10-09T09:57:58.393+0700","caller":"config/database.go:40","message":"✅ Database connected! Host: %s Port: %d DB: %s","aws-1-ap-southeast-1.pooler.supabase.com":5432}
{"level":"ERROR","timestamp":"2025-10-09T09:58:36.555+0700","caller":"logger/main.go:142","message":"Ignored key without a value.","ignored":"postgres"}
{"level":"INFO","timestamp":"2025-10-09T09:58:36.555+0700","caller":"config/database.go:40","message":"✅ Database connected! Host: %s Port: %d DB: %s","aws-1-ap-southeast-1.pooler.supabase.com":5432}
{"level":"ERROR","timestamp":"2025-10-09T09:59:12.088+0700","caller":"handler/todo_impl.go:64","message":"Field: todo, Value: [], Message: This field is required.; Field: check, Value: [], Message: This field is required."}
{"level":"ERROR","timestamp":"2025-10-09T10:13:56.837+0700","caller":"logger/main.go:142","message":"Ignored key without a value.","ignored":"postgres"}
{"level":"INFO","timestamp":"2025-10-09T10:13:56.836+0700","caller":"config/database.go:40","message":"✅ Database connected! Host: %s Port: %d DB: %s","aws-1-ap-southeast-1.pooler.supabase.com":5432}
{"level":"ERROR","timestamp":"2025-10-09T10:14:14.182+0700","caller":"logger/main.go:142","message":"Ignored key without a value.","ignored":"postgres"}
{"level":"INFO","timestamp":"2025-10-09T10:14:14.182+0700","caller":"config/database.go:40","message":"✅ Database connected! Host: %s Port: %d DB: %s","aws-1-ap-southeast-1.pooler.supabase.com":5432}
{"level":"ERROR","timestamp":"2025-10-09T10:14:20.820+0700","caller":"handler/todo_impl.go:64","message":"Field: todo, Value: [], Message: This field is required.; Field: check, Value: [], Message: This field is required."}
{"level":"ERROR","timestamp":"2025-10-09T10:14:33.970+0700","caller":"logger/main.go:142","message":"Ignored key without a value.","ignored":"postgres"}
{"level":"INFO","timestamp":"2025-10-09T10:14:33.970+0700","caller":"config/database.go:40","message":"✅ Database connected! Host: %s Port: %d DB: %s","aws-1-ap-southeast-1.pooler.supabase.com":5432}
{"level":"ERROR","timestamp":"2025-10-09T10:15:02.426+0700","caller":"handler/todo_impl.go:64","message":"Field: todo, Value: [], Message: This field is required.; Field: check, Value: [], Message: This field is required."}
{"level":"ERROR","timestamp":"2025-10-09T10:15:32.745+0700","caller":"logger/main.go:142","message":"Ignored key without a value.","ignored":"postgres"}
{"level":"INFO","timestamp":"2025-10-09T10:15:32.745+0700","caller":"config/database.go:40","message":"✅ Database connected! Host: %s Port: %d DB: %s","aws-1-ap-southeast-1.pooler.supabase.com":5432}
{"level":"ERROR","timestamp":"2025-10-09T10:31:00.784+0700","caller":"logger/main.go:142","message":"Ignored key without a value.","ignored":"postgres"}
{"level":"INFO","timestamp":"2025-10-09T10:31:00.784+0700","caller":"config/database.go:40","message":"✅ Database connected! Host: %s Port: %d DB: %s","aws-1-ap-southeast-1.pooler.supabase.com":5432}
{"level":"ERROR","timestamp":"2025-10-09T10:31:28.633+0700","caller":"handler/todo_impl.go:64","message":"Field: todo, Value: [], Message: This field is required.; Field: check, Value: [], Message: This field is required."}
{"level":"ERROR","timestamp":"2025-10-09T10:35:13.463+0700","caller":"handler/todo_impl.go:64","message":"Field: todo, Value: [], Message: This field is required.; Field: check, Value: [], Message: This field is required."}
{"level":"ERROR","timestamp":"2025-10-09T10:42:35.030+0700","caller":"handler/todo_impl.go:64","message":"Field: check, Value: [], Message: This field is required."}
{"level":"ERROR","timestamp":"2025-10-09T10:58:53.736+0700","caller":"logger/main.go:142","message":"Ignored key without a value.","ignored":"postgres"}
{"level":"INFO","timestamp":"2025-10-09T10:58:53.736+0700","caller":"config/database.go:40","message":"✅ Database connected! Host: %s Port: %d DB: %s","aws-1-ap-southeast-1.pooler.supabase.com":5432}
{"level":"ERROR","timestamp":"2025-10-09T11:03:08.830+0700","caller":"logger/main.go:142","message":"Ignored key without a value.","ignored":"postgres"}
{"level":"INFO","timestamp":"2025-10-09T11:03:08.830+0700","caller":"config/database.go:40","message":"✅ Database connected! Host: %s Port: %d DB: %s","aws-1-ap-southeast-1.pooler.supabase.com":5432}
{"level":"ERROR","timestamp":"2025-10-09T11:04:10.054+0700","caller":"logger/main.go:142","message":"Ignored key without a value.","ignored":"postgres"}
{"level":"INFO","timestamp":"2025-10-09T11:04:10.054+0700","caller":"config/database.go:40","message":"✅ Database connected! Host: %s Port: %d DB: %s","aws-1-ap-southeast-1.pooler.supabase.com":5432}
{"level":"ERROR","timestamp":"2025-10-09T11:04:52.142+0700","caller":"logger/main.go:142","message":"Ignored key without a value.","ignored":"postgres"}
{"level":"INFO","timestamp":"2025-10-09T11:04:52.142+0700","caller":"config/database.go:40","message":"✅ Database connected! Host: %s Port: %d DB: %s","aws-1-ap-southeast-1.pooler.supabase.com":5432}
{"level":"ERROR","timestamp":"2025-10-09T11:05:02.688+0700","caller":"logger/main.go:142","message":"Ignored key without a value.","ignored":"postgres"}
{"level":"INFO","timestamp":"2025-10-09T11:05:02.688+0700","caller":"config/database.go:40","message":"✅ Database connected! Host: %s Port: %d DB: %s","aws-1-ap-southeast-1.pooler.supabase.com":5432}
{"level":"ERROR","timestamp":"2025-10-09T11:06:02.328+0700","caller":"logger/main.go:142","message":"Ignored key without a value.","ignored":"postgres"}
{"level":"INFO","timestamp":"2025-10-09T11:06:02.328+0700","caller":"config/database.go:40","message":"✅ Database connected! Host: %s Port: %d DB: %s","aws-1-ap-southeast-1.pooler.supabase.com":5432}
{"level":"ERROR","timestamp":"2025-10-09T11:09:07.756+0700","caller":"logger/main.go:142","message":"Ignored key without a value.","ignored":"postgres"}
{"level":"INFO","timestamp":"2025-10-09T11:09:07.755+0700","caller":"config/database.go:40","message":"✅ Database connected! Host: %s Port: %d DB: %s","aws-1-ap-southeast-1.pooler.supabase.com":5432}
{"level":"ERROR","timestamp":"2025-10-09T11:11:05.235+0700","caller":"logger/main.go:142","message":"Ignored key without a value.","ignored":"postgres"}
{"level":"INFO","timestamp":"2025-10-09T11:11:05.234+0700","caller":"config/database.go:40","message":"✅ Database connected! Host: %s Port: %d DB: %s","aws-1-ap-southeast-1.pooler.supabase.com":5432}
{"level":"ERROR","timestamp":"2025-10-09T11:11:20.574+0700","caller":"logger/main.go:142","message":"Ignored key without a value.","ignored":"postgres"}
{"level":"INFO","timestamp":"2025-10-09T11:11:20.573+0700","caller":"config/database.go:40","message":"✅ Database connected! Host: %s Port: %d DB: %s","aws-1-ap-southeast-1.pooler.supabase.com":5432}
{"level":"ERROR","timestamp":"2025-10-09T11:11:28.080+0700","caller":"handler/todo_impl.go:170","message":"ERROR: syntax error at or near \")\" (SQLSTATE 42601)"}
{"level":"ERROR","timestamp":"2025-10-09T11:13:02.597+0700","caller":"logger/main.go:142","message":"Ignored key without a value.","ignored":"postgres"}
{"level":"INFO","timestamp":"2025-10-09T11:13:02.597+0700","caller":"config/database.go:40","message":"✅ Database connected! Host: %s Port: %d DB: %s","aws-1-ap-southeast-1.pooler.supabase.com":5432}
{"level":"ERROR","timestamp":"2025-10-09T11:13:04.681+0700","caller":"handler/todo_impl.go:170","message":"ERROR: syntax error at or near \")\" (SQLSTATE 42601)"}
{"level":"ERROR","timestamp":"2025-10-09T11:13:59.351+0700","caller":"logger/main.go:142","message":"Ignored key without a value.","ignored":"postgres"}
{"level":"INFO","timestamp":"2025-10-09T11:13:59.351+0700","caller":"config/database.go:40","message":"✅ Database connected! Host: %s Port: %d DB: %s","aws-1-ap-southeast-1.pooler.supabase.com":5432}
{"level":"ERROR","timestamp":"2025-10-09T11:14:00.939+0700","caller":"handler/todo_impl.go:170","message":"ERROR: syntax error at or near \")\" (SQLSTATE 42601)"}
{"level":"ERROR","timestamp":"2025-10-09T11:17:20.422+0700","caller":"logger/main.go:142","message":"Ignored key without a value.","ignored":"postgres"}
{"level":"INFO","timestamp":"2025-10-09T11:17:20.421+0700","caller":"config/database.go:40","message":"✅ Database connected! Host: %s Port: %d DB: %s","aws-1-ap-southeast-1.pooler.supabase.com":5432}
{"level":"ERROR","timestamp":"2025-10-09T11:18:44.200+0700","caller":"logger/main.go:142","message":"Ignored key without a value.","ignored":"postgres"}
{"level":"INFO","timestamp":"2025-10-09T11:18:44.200+0700","caller":"config/database.go:40","message":"✅ Database connected! Host: %s Port: %d DB: %s","aws-1-ap-southeast-1.pooler.supabase.com":5432}
{"level":"ERROR","timestamp":"2025-10-09T11:18:58.715+0700","caller":"logger/main.go:142","message":"Ignored key without a value.","ignored":"postgres"}
{"level":"INFO","timestamp":"2025-10-09T11:18:58.714+0700","caller":"config/database.go:40","message":"✅ Database connected! Host: %s Port: %d DB: %s","aws-1-ap-southeast-1.pooler.supabase.com":5432}
{"level":"ERROR","timestamp":"2025-10-09T11:19:06.883+0700","caller":"handler/todo_impl.go:170","message":"ERROR: column \"created\" does not exist (SQLSTATE 42703)"}
{"level":"ERROR","timestamp":"2025-10-09T11:20:30.510+0700","caller":"logger/main.go:142","message":"Ignored key without a value.","ignored":"postgres"}
{"level":"INFO","timestamp":"2025-10-09T11:20:30.509+0700","caller":"config/database.go:40","message":"✅ Database connected! Host: %s Port: %d DB: %s","aws-1-ap-southeast-1.pooler.supabase.com":5432}
{"level":"ERROR","timestamp":"2025-10-09T11:21:53.208+0700","caller":"logger/main.go:142","message":"Ignored key without a value.","ignored":"postgres"}
{"level":"INFO","timestamp":"2025-10-09T11:21:53.207+0700","caller":"config/database.go:40","message":"✅ Database connected! Host: %s Port: %d DB: %s","aws-1-ap-southeast-1.pooler.supabase.com":5432}
{"level":"ERROR","timestamp":"2025-10-09T11:25:12.129+0700","caller":"logger/main.go:142","message":"Ignored key without a value.","ignored":"postgres"}
{"level":"INFO","timestamp":"2025-10-09T11:25:12.129+0700","caller":"config/database.go:40","message":"✅ Database connected! Host: %s Port: %d DB: %s","aws-1-ap-southeast-1.pooler.supabase.com":5432}
{"level":"ERROR","timestamp":"2025-10-09T11:26:22.647+0700","caller":"logger/main.go:142","message":"Ignored key without a value.","ignored":"postgres"}
{"level":"INFO","timestamp":"2025-10-09T11:26:22.647+0700","caller":"config/database.go:40","message":"✅ Database connected! Host: %s Port: %d DB: %s","aws-1-ap-southeast-1.pooler.supabase.com":5432}
{"level":"ERROR","timestamp":"2025-10-09T11:29:35.825+0700","caller":"logger/main.go:142","message":"Ignored key without a value.","ignored":"postgres"}
{"level":"INFO","timestamp":"2025-10-09T11:29:35.825+0700","caller":"config/database.go:40","message":"✅ Database connected! Host: %s Port: %d DB: %s","aws-1-ap-southeast-1.pooler.supabase.com":5432}
{"level":"ERROR","timestamp":"2025-10-09T11:29:47.069+0700","caller":"logger/main.go:142","message":"Ignored key without a value.","ignored":"postgres"}
{"level":"INFO","timestamp":"2025-10-09T11:29:47.068+0700","caller":"config/database.go:40","message":"✅ Database connected! Host: %s Port: %d DB: %s","aws-1-ap-southeast-1.pooler.supabase.com":5432}
{"level":"ERROR","timestamp":"2025-10-09T11:30:46.406+0700","caller":"logger/main.go:142","message":"Ignored key without a value.","ignored":"postgres"}
{"level":"INFO","timestamp":"2025-10-09T11:30:46.406+0700","caller":"config/database.go:40","message":"✅ Database connected! Host: %s Port: %d DB: %s","aws-1-ap-southeast-1.pooler.supabase.com":5432}
{"level":"ERROR","timestamp":"2025-10-09T11:31:00.716+0700","caller":"logger/main.go:142","message":"Ignored key without a value.","ignored":"postgres"}
{"level":"INFO","timestamp":"2025-10-09T11:31:00.716+0700","caller":"config/database.go:40","message":"✅ Database connected! Host: %s Port: %d DB: %s","aws-1-ap-southeast-1.pooler.supabase.com":5432}
{"level":"ERROR","timestamp":"2025-10-09T11:31:16.082+0700","caller":"logger/main.go:142","message":"Ignored key without a value.","ignored":"postgres"}
{"level":"INFO","timestamp":"2025-10-09T11:31:16.082+0700","caller":"config/database.go:40","message":"✅ Database connected! Host: %s Port: %d DB: %s","aws-1-ap-southeast-1.pooler.supabase.com":5432}
{"level":"ERROR","timestamp":"2025-10-09T11:32:00.652+0700","caller":"handler/todo_impl.go:172","message":"ERROR: operator does not exist: text[] ~~* unknown (SQLSTATE 42883)"}
{"level":"ERROR","timestamp":"2025-10-09T11:33:04.410+0700","caller":"logger/main.go:142","message":"Ignored key without a value.","ignored":"postgres"}
{"level":"INFO","timestamp":"2025-10-09T11:33:04.410+0700","caller":"config/database.go:40","message":"✅ Database connected! Host: %s Port: %d DB: %s","aws-1-ap-southeast-1.pooler.supabase.com":5432}
{"level":"ERROR","timestamp":"2025-10-09T11:33:07.445+0700","caller":"handler/todo_impl.go:172","message":"ERROR: syntax error at or near \"contains\" (SQLSTATE 42601)"}
{"level":"ERROR","timestamp":"2025-10-09T11:34:51.319+0700","caller":"logger/main.go:142","message":"Ignored key without a value.","ignored":"postgres"}
{"level":"INFO","timestamp":"2025-10-09T11:34:51.319+0700","caller":"config/database.go:40","message":"✅ Database connected! Host: %s Port: %d DB: %s","aws-1-ap-southeast-1.pooler.supabase.com":5432}
{"level":"ERROR","timestamp":"2025-10-09T11:35:00.065+0700","caller":"logger/main.go:142","message":"Ignored key without a value.","ignored":"postgres"}
{"level":"INFO","timestamp":"2025-10-09T11:35:00.065+0700","caller":"config/database.go:40","message":"✅ Database connected! Host: %s Port: %d DB: %s","aws-1-ap-southeast-1.pooler.supabase.com":5432}
{"level":"ERROR","timestamp":"2025-10-09T11:36:30.957+0700","caller":"logger/main.go:142","message":"Ignored key without a value.","ignored":"postgres"}
{"level":"INFO","timestamp":"2025-10-09T11:36:30.957+0700","caller":"config/database.go:40","message":"✅ Database connected! Host: %s Port: %d DB: %s","aws-1-ap-southeast-1.pooler.supabase.com":5432}
{"level":"ERROR","timestamp":"2025-10-09T13:23:33.513+0700","caller":"logger/main.go:142","message":"Ignored key without a value.","ignored":"postgres"}
{"level":"INFO","timestamp":"2025-10-09T13:23:33.513+0700","caller":"config/database.go:40","message":"✅ Database connected! Host: %s Port: %d DB: %s","aws-1-ap-southeast-1.pooler.supabase.com":5432}
{"level":"ERROR","timestamp":"2025-10-09T13:27:07.424+0700","caller":"logger/main.go:142","message":"Ignored key without a value.","ignored":"postgres"}
{"level":"INFO","timestamp":"2025-10-09T13:27:07.423+0700","caller":"config/database.go:40","message":"✅ Database connected! Host: %s Port: %d DB: %s","aws-1-ap-southeast-1.pooler.supabase.com":5432}
